<?xml version="1.0" encoding="UTF-8"?>
<testsuite xmlns:xsi="http://www.w3.org/2001/XMLSchema-instance" xsi:noNamespaceSchemaLocation="https://maven.apache.org/surefire/maven-surefire-plugin/xsd/surefire-test-report-3.0.xsd" version="3.0" name="org.openmetromaps.stations.TestDeriveStationModel" time="0.012" tests="0" errors="0" skipped="0" failures="0">
  <properties>
    <property name="java.specification.version" value="23"/>
    <property name="sun.jnu.encoding" value="UTF-8"/>
    <property name="java.class.path" value="/Users/shobhitsharma/hw-2024-bigshowbhit-en/subprojects/test-station-model/target/test-classes:/Users/shobhitsharma/hw-2024-bigshowbhit-en/subprojects/test-station-model/target/classes:/Users/shobhitsharma/hw-2024-bigshowbhit-en/subprojects/maps-model-xml-converter/target/openmetromaps-maps-model-xml-converter-1.0-SNAPSHOT.jar:/Users/shobhitsharma/hw-2024-bigshowbhit-en/subprojects/maps-model-xml/target/openmetromaps-maps-model-xml-1.0-SNAPSHOT.jar:/Users/shobhitsharma/hw-2024-bigshowbhit-en/subprojects/xml-dom-abstraction/target/openmetromaps-xml-dom-abstraction-1.0-SNAPSHOT.jar:/Users/shobhitsharma/hw-2024-bigshowbhit-en/subprojects/line-network-util/target/openmetromaps-line-network-util-1.0-SNAPSHOT.jar:/Users/shobhitsharma/hw-2024-bigshowbhit-en/subprojects/maps-model-util/target/openmetromaps-maps-model-util-1.0-SNAPSHOT.jar:/Users/shobhitsharma/.m2/repository/de/topobyte/adt-geo/0.0.4/adt-geo-0.0.4.jar:/Users/shobhitsharma/.m2/repository/com/vividsolutions/jts/1.13/jts-1.13.jar:/Users/shobhitsharma/.m2/repository/de/topobyte/jsi-rectangle-intersection-tester/0.0.1/jsi-rectangle-intersection-tester-0.0.1.jar:/Users/shobhitsharma/.m2/repository/de/topobyte/jsi/1.2.0/jsi-1.2.0.jar:/Users/shobhitsharma/.m2/repository/com/slimjars/trove4j/trove4j-int-object-hash-map/1.0.1/trove4j-int-object-hash-map-1.0.1.jar:/Users/shobhitsharma/.m2/repository/com/slimjars/trove4j/trove4j-int-object-map/1.0.1/trove4j-int-object-map-1.0.1.jar:/Users/shobhitsharma/.m2/repository/com/slimjars/trove4j/trove4j-int-object-iterator/1.0.1/trove4j-int-object-iterator-1.0.1.jar:/Users/shobhitsharma/.m2/repository/com/slimjars/trove4j/trove4j-advancing-iterator/1.0.1/trove4j-advancing-iterator-1.0.1.jar:/Users/shobhitsharma/.m2/repository/com/slimjars/trove4j/trove4j-int-object-procedure/1.0.1/trove4j-int-object-procedure-1.0.1.jar:/Users/shobhitsharma/.m2/repository/com/slimjars/trove4j/trove4j-object-function/1.0.1/trove4j-object-function-1.0.1.jar:/Users/shobhitsharma/.m2/repository/com/slimjars/trove4j/trove4j-object-procedure/1.0.1/trove4j-object-procedure-1.0.1.jar:/Users/shobhitsharma/.m2/repository/com/slimjars/trove4j/trove4j-int-array-list/1.0.1/trove4j-int-array-list-1.0.1.jar:/Users/shobhitsharma/.m2/repository/com/slimjars/trove4j/trove4j-constants/1.0.1/trove4j-constants-1.0.1.jar:/Users/shobhitsharma/.m2/repository/com/slimjars/trove4j/trove4j-int-list/1.0.1/trove4j-int-list-1.0.1.jar:/Users/shobhitsharma/.m2/repository/com/slimjars/trove4j/trove4j-int-function/1.0.1/trove4j-int-function-1.0.1.jar:/Users/shobhitsharma/.m2/repository/com/slimjars/trove4j/trove4j-int-array-stack/1.0.1/trove4j-int-array-stack-1.0.1.jar:/Users/shobhitsharma/.m2/repository/com/slimjars/trove4j/trove4j-int-stack/1.0.1/trove4j-int-stack-1.0.1.jar:/Users/shobhitsharma/.m2/repository/com/slimjars/trove4j/trove4j-object-int-hash-map/1.0.1/trove4j-object-int-hash-map-1.0.1.jar:/Users/shobhitsharma/.m2/repository/com/slimjars/trove4j/trove4j-object-hash-iterator/1.0.1/trove4j-object-hash-iterator-1.0.1.jar:/Users/shobhitsharma/.m2/repository/com/slimjars/trove4j/trove4j-hash-iterator/1.0.1/trove4j-hash-iterator-1.0.1.jar:/Users/shobhitsharma/.m2/repository/com/slimjars/trove4j/trove4j-object-hash/1.0.1/trove4j-object-hash-1.0.1.jar:/Users/shobhitsharma/.m2/repository/com/slimjars/trove4j/trove4j-object-int-map/1.0.1/trove4j-object-int-map-1.0.1.jar:/Users/shobhitsharma/.m2/repository/com/slimjars/trove4j/trove4j-object-int-iterator/1.0.1/trove4j-object-int-iterator-1.0.1.jar:/Users/shobhitsharma/.m2/repository/com/slimjars/trove4j/trove4j-object-int-procedure/1.0.1/trove4j-object-int-procedure-1.0.1.jar:/Users/shobhitsharma/.m2/repository/com/slimjars/trove4j/trove4j-float-array-list/1.0.1/trove4j-float-array-list-1.0.1.jar:/Users/shobhitsharma/.m2/repository/com/slimjars/trove4j/trove4j-float-list/1.0.1/trove4j-float-list-1.0.1.jar:/Users/shobhitsharma/.m2/repository/com/slimjars/trove4j/trove4j-float-collection/1.0.1/trove4j-float-collection-1.0.1.jar:/Users/shobhitsharma/.m2/repository/com/slimjars/trove4j/trove4j-float-iterator/1.0.1/trove4j-float-iterator-1.0.1.jar:/Users/shobhitsharma/.m2/repository/com/slimjars/trove4j/trove4j-float-procedure/1.0.1/trove4j-float-procedure-1.0.1.jar:/Users/shobhitsharma/.m2/repository/com/slimjars/trove4j/trove4j-float-function/1.0.1/trove4j-float-function-1.0.1.jar:/Users/shobhitsharma/.m2/repository/de/topobyte/lightweight-geometry-convex-hull/1.0.0/lightweight-geometry-convex-hull-1.0.0.jar:/Users/shobhitsharma/.m2/repository/de/topobyte/geomath/0.0.2/geomath-0.0.2.jar:/Users/shobhitsharma/.m2/repository/de/topobyte/simple-formatting/0.0.3/simple-formatting-0.0.3.jar:/Users/shobhitsharma/.m2/repository/de/topobyte/integer-formatting/0.0.2/integer-formatting-0.0.2.jar:/Users/shobhitsharma/hw-2024-bigshowbhit-en/subprojects/lightgeom/target/openmetromaps-lightgeom-1.0-SNAPSHOT.jar:/Users/shobhitsharma/.m2/repository/com/slimjars/trove4j/trove4j-int-hash-set/1.0.1/trove4j-int-hash-set-1.0.1.jar:/Users/shobhitsharma/.m2/repository/com/slimjars/trove4j/trove4j-hash-primitive-iterator/1.0.1/trove4j-hash-primitive-iterator-1.0.1.jar:/Users/shobhitsharma/.m2/repository/com/slimjars/trove4j/trove4j-primitive-hash/1.0.1/trove4j-primitive-hash-1.0.1.jar:/Users/shobhitsharma/.m2/repository/com/slimjars/trove4j/trove4j-hash/1.0.1/trove4j-hash-1.0.1.jar:/Users/shobhitsharma/.m2/repository/com/slimjars/trove4j/trove4j-prime-finder/1.0.1/trove4j-prime-finder-1.0.1.jar:/Users/shobhitsharma/.m2/repository/com/slimjars/trove4j/trove4j-primitive-iterator/1.0.1/trove4j-primitive-iterator-1.0.1.jar:/Users/shobhitsharma/.m2/repository/com/slimjars/trove4j/trove4j-iterator/1.0.1/trove4j-iterator-1.0.1.jar:/Users/shobhitsharma/.m2/repository/com/slimjars/trove4j/trove4j-int-hash/1.0.1/trove4j-int-hash-1.0.1.jar:/Users/shobhitsharma/.m2/repository/com/slimjars/trove4j/trove4j-hash-functions/1.0.1/trove4j-hash-functions-1.0.1.jar:/Users/shobhitsharma/.m2/repository/com/slimjars/trove4j/trove4j-int-procedure/1.0.1/trove4j-int-procedure-1.0.1.jar:/Users/shobhitsharma/.m2/repository/com/slimjars/trove4j/trove4j-int-set/1.0.1/trove4j-int-set-1.0.1.jar:/Users/shobhitsharma/.m2/repository/com/slimjars/trove4j/trove4j-int-collection/1.0.1/trove4j-int-collection-1.0.1.jar:/Users/shobhitsharma/.m2/repository/com/slimjars/trove4j/trove4j-int-iterator/1.0.1/trove4j-int-iterator-1.0.1.jar:/Users/shobhitsharma/hw-2024-bigshowbhit-en/subprojects/raw-station-model-xml-desktop/target/openmetromaps-raw-station-model-xml-desktop-1.0-SNAPSHOT.jar:/Users/shobhitsharma/hw-2024-bigshowbhit-en/subprojects/raw-station-model-xml/target/openmetromaps-raw-station-model-xml-1.0-SNAPSHOT.jar:/Users/shobhitsharma/hw-2024-bigshowbhit-en/subprojects/xml-dom-abstraction-desktop/target/openmetromaps-xml-dom-abstraction-desktop-1.0-SNAPSHOT.jar:/Users/shobhitsharma/hw-2024-bigshowbhit-en/subprojects/station-model/target/openmetromaps-station-model-1.0-SNAPSHOT.jar:/Users/shobhitsharma/hw-2024-bigshowbhit-en/subprojects/maps-model/target/openmetromaps-maps-model-1.0-SNAPSHOT.jar:/Users/shobhitsharma/.m2/repository/de/topobyte/viewports-core/0.0.3/viewports-core-0.0.3.jar:/Users/shobhitsharma/.m2/repository/de/topobyte/linear-algebra/0.0.2/linear-algebra-0.0.2.jar:/Users/shobhitsharma/.m2/repository/de/topobyte/jama/1.1.0/jama-1.1.0.jar:/Users/shobhitsharma/.m2/repository/de/topobyte/lightweight-geometry/1.0.0/lightweight-geometry-1.0.0.jar:/Users/shobhitsharma/hw-2024-bigshowbhit-en/subprojects/raw-station-model/target/openmetromaps-raw-station-model-1.0-SNAPSHOT.jar:/Users/shobhitsharma/.m2/repository/de/topobyte/collections-utils/0.0.5/collections-utils-0.0.5.jar:/Users/shobhitsharma/hw-2024-bigshowbhit-en/subprojects/test-data/target/openmetromaps-test-data-1.0-SNAPSHOT.jar:/Users/shobhitsharma/hw-2024-bigshowbhit-en/subprojects/maps-model-xml-desktop/target/openmetromaps-maps-model-xml-desktop-1.0-SNAPSHOT.jar:/Users/shobhitsharma/.m2/repository/de/topobyte/xml4jah-dom/0.0.2/xml4jah-dom-0.0.2.jar:/Users/shobhitsharma/.m2/repository/de/topobyte/xml4jah-core/0.0.2/xml4jah-core-0.0.2.jar:/Users/shobhitsharma/.m2/repository/de/topobyte/system-utils/0.0.1/system-utils-0.0.1.jar:/Users/shobhitsharma/.m2/repository/de/topobyte/melon-strings/0.0.1/melon-strings-0.0.1.jar:/Users/shobhitsharma/.m2/repository/org/apache/commons/commons-text/1.3/commons-text-1.3.jar:/Users/shobhitsharma/.m2/repository/org/apache/commons/commons-lang3/3.7/commons-lang3-3.7.jar:/Users/shobhitsharma/hw-2024-bigshowbhit-en/subprojects/misc-util/target/openmetromaps-misc-util-1.0-SNAPSHOT.jar:/Users/shobhitsharma/.m2/repository/org/slf4j/slf4j-log4j12/1.6.1/slf4j-log4j12-1.6.1.jar:/Users/shobhitsharma/.m2/repository/org/slf4j/slf4j-api/1.6.1/slf4j-api-1.6.1.jar:/Users/shobhitsharma/.m2/repository/log4j/log4j/1.2.16/log4j-1.2.16.jar:"/>
    <property name="java.vm.vendor" value="Homebrew"/>
    <property name="sun.arch.data.model" value="64"/>
    <property name="java.vendor.url" value="https://github.com/Homebrew/homebrew-core/issues"/>
    <property name="os.name" value="Mac OS X"/>
    <property name="java.vm.specification.version" value="23"/>
    <property name="sun.java.launcher" value="SUN_STANDARD"/>
    <property name="user.country" value="IN"/>
    <property name="sun.boot.library.path" value="/usr/local/Cellar/openjdk/23/libexec/openjdk.jdk/Contents/Home/lib"/>
    <property name="sun.java.command" value="/Users/shobhitsharma/hw-2024-bigshowbhit-en/subprojects/test-station-model/target/surefire/surefirebooter-20241012011524650_45.jar /Users/shobhitsharma/hw-2024-bigshowbhit-en/subprojects/test-station-model/target/surefire 2024-10-12T01-14-26_179-jvmRun1 surefire-20241012011524650_43tmp surefire_14-20241012011524650_44tmp"/>
    <property name="jdk.debug" value="release"/>
    <property name="surefire.test.class.path" value="/Users/shobhitsharma/hw-2024-bigshowbhit-en/subprojects/test-station-model/target/test-classes:/Users/shobhitsharma/hw-2024-bigshowbhit-en/subprojects/test-station-model/target/classes:/Users/shobhitsharma/hw-2024-bigshowbhit-en/subprojects/maps-model-xml-converter/target/openmetromaps-maps-model-xml-converter-1.0-SNAPSHOT.jar:/Users/shobhitsharma/hw-2024-bigshowbhit-en/subprojects/maps-model-xml/target/openmetromaps-maps-model-xml-1.0-SNAPSHOT.jar:/Users/shobhitsharma/hw-2024-bigshowbhit-en/subprojects/xml-dom-abstraction/target/openmetromaps-xml-dom-abstraction-1.0-SNAPSHOT.jar:/Users/shobhitsharma/hw-2024-bigshowbhit-en/subprojects/line-network-util/target/openmetromaps-line-network-util-1.0-SNAPSHOT.jar:/Users/shobhitsharma/hw-2024-bigshowbhit-en/subprojects/maps-model-util/target/openmetromaps-maps-model-util-1.0-SNAPSHOT.jar:/Users/shobhitsharma/.m2/repository/de/topobyte/adt-geo/0.0.4/adt-geo-0.0.4.jar:/Users/shobhitsharma/.m2/repository/com/vividsolutions/jts/1.13/jts-1.13.jar:/Users/shobhitsharma/.m2/repository/de/topobyte/jsi-rectangle-intersection-tester/0.0.1/jsi-rectangle-intersection-tester-0.0.1.jar:/Users/shobhitsharma/.m2/repository/de/topobyte/jsi/1.2.0/jsi-1.2.0.jar:/Users/shobhitsharma/.m2/repository/com/slimjars/trove4j/trove4j-int-object-hash-map/1.0.1/trove4j-int-object-hash-map-1.0.1.jar:/Users/shobhitsharma/.m2/repository/com/slimjars/trove4j/trove4j-int-object-map/1.0.1/trove4j-int-object-map-1.0.1.jar:/Users/shobhitsharma/.m2/repository/com/slimjars/trove4j/trove4j-int-object-iterator/1.0.1/trove4j-int-object-iterator-1.0.1.jar:/Users/shobhitsharma/.m2/repository/com/slimjars/trove4j/trove4j-advancing-iterator/1.0.1/trove4j-advancing-iterator-1.0.1.jar:/Users/shobhitsharma/.m2/repository/com/slimjars/trove4j/trove4j-int-object-procedure/1.0.1/trove4j-int-object-procedure-1.0.1.jar:/Users/shobhitsharma/.m2/repository/com/slimjars/trove4j/trove4j-object-function/1.0.1/trove4j-object-function-1.0.1.jar:/Users/shobhitsharma/.m2/repository/com/slimjars/trove4j/trove4j-object-procedure/1.0.1/trove4j-object-procedure-1.0.1.jar:/Users/shobhitsharma/.m2/repository/com/slimjars/trove4j/trove4j-int-array-list/1.0.1/trove4j-int-array-list-1.0.1.jar:/Users/shobhitsharma/.m2/repository/com/slimjars/trove4j/trove4j-constants/1.0.1/trove4j-constants-1.0.1.jar:/Users/shobhitsharma/.m2/repository/com/slimjars/trove4j/trove4j-int-list/1.0.1/trove4j-int-list-1.0.1.jar:/Users/shobhitsharma/.m2/repository/com/slimjars/trove4j/trove4j-int-function/1.0.1/trove4j-int-function-1.0.1.jar:/Users/shobhitsharma/.m2/repository/com/slimjars/trove4j/trove4j-int-array-stack/1.0.1/trove4j-int-array-stack-1.0.1.jar:/Users/shobhitsharma/.m2/repository/com/slimjars/trove4j/trove4j-int-stack/1.0.1/trove4j-int-stack-1.0.1.jar:/Users/shobhitsharma/.m2/repository/com/slimjars/trove4j/trove4j-object-int-hash-map/1.0.1/trove4j-object-int-hash-map-1.0.1.jar:/Users/shobhitsharma/.m2/repository/com/slimjars/trove4j/trove4j-object-hash-iterator/1.0.1/trove4j-object-hash-iterator-1.0.1.jar:/Users/shobhitsharma/.m2/repository/com/slimjars/trove4j/trove4j-hash-iterator/1.0.1/trove4j-hash-iterator-1.0.1.jar:/Users/shobhitsharma/.m2/repository/com/slimjars/trove4j/trove4j-object-hash/1.0.1/trove4j-object-hash-1.0.1.jar:/Users/shobhitsharma/.m2/repository/com/slimjars/trove4j/trove4j-object-int-map/1.0.1/trove4j-object-int-map-1.0.1.jar:/Users/shobhitsharma/.m2/repository/com/slimjars/trove4j/trove4j-object-int-iterator/1.0.1/trove4j-object-int-iterator-1.0.1.jar:/Users/shobhitsharma/.m2/repository/com/slimjars/trove4j/trove4j-object-int-procedure/1.0.1/trove4j-object-int-procedure-1.0.1.jar:/Users/shobhitsharma/.m2/repository/com/slimjars/trove4j/trove4j-float-array-list/1.0.1/trove4j-float-array-list-1.0.1.jar:/Users/shobhitsharma/.m2/repository/com/slimjars/trove4j/trove4j-float-list/1.0.1/trove4j-float-list-1.0.1.jar:/Users/shobhitsharma/.m2/repository/com/slimjars/trove4j/trove4j-float-collection/1.0.1/trove4j-float-collection-1.0.1.jar:/Users/shobhitsharma/.m2/repository/com/slimjars/trove4j/trove4j-float-iterator/1.0.1/trove4j-float-iterator-1.0.1.jar:/Users/shobhitsharma/.m2/repository/com/slimjars/trove4j/trove4j-float-procedure/1.0.1/trove4j-float-procedure-1.0.1.jar:/Users/shobhitsharma/.m2/repository/com/slimjars/trove4j/trove4j-float-function/1.0.1/trove4j-float-function-1.0.1.jar:/Users/shobhitsharma/.m2/repository/de/topobyte/lightweight-geometry-convex-hull/1.0.0/lightweight-geometry-convex-hull-1.0.0.jar:/Users/shobhitsharma/.m2/repository/de/topobyte/geomath/0.0.2/geomath-0.0.2.jar:/Users/shobhitsharma/.m2/repository/de/topobyte/simple-formatting/0.0.3/simple-formatting-0.0.3.jar:/Users/shobhitsharma/.m2/repository/de/topobyte/integer-formatting/0.0.2/integer-formatting-0.0.2.jar:/Users/shobhitsharma/hw-2024-bigshowbhit-en/subprojects/lightgeom/target/openmetromaps-lightgeom-1.0-SNAPSHOT.jar:/Users/shobhitsharma/.m2/repository/com/slimjars/trove4j/trove4j-int-hash-set/1.0.1/trove4j-int-hash-set-1.0.1.jar:/Users/shobhitsharma/.m2/repository/com/slimjars/trove4j/trove4j-hash-primitive-iterator/1.0.1/trove4j-hash-primitive-iterator-1.0.1.jar:/Users/shobhitsharma/.m2/repository/com/slimjars/trove4j/trove4j-primitive-hash/1.0.1/trove4j-primitive-hash-1.0.1.jar:/Users/shobhitsharma/.m2/repository/com/slimjars/trove4j/trove4j-hash/1.0.1/trove4j-hash-1.0.1.jar:/Users/shobhitsharma/.m2/repository/com/slimjars/trove4j/trove4j-prime-finder/1.0.1/trove4j-prime-finder-1.0.1.jar:/Users/shobhitsharma/.m2/repository/com/slimjars/trove4j/trove4j-primitive-iterator/1.0.1/trove4j-primitive-iterator-1.0.1.jar:/Users/shobhitsharma/.m2/repository/com/slimjars/trove4j/trove4j-iterator/1.0.1/trove4j-iterator-1.0.1.jar:/Users/shobhitsharma/.m2/repository/com/slimjars/trove4j/trove4j-int-hash/1.0.1/trove4j-int-hash-1.0.1.jar:/Users/shobhitsharma/.m2/repository/com/slimjars/trove4j/trove4j-hash-functions/1.0.1/trove4j-hash-functions-1.0.1.jar:/Users/shobhitsharma/.m2/repository/com/slimjars/trove4j/trove4j-int-procedure/1.0.1/trove4j-int-procedure-1.0.1.jar:/Users/shobhitsharma/.m2/repository/com/slimjars/trove4j/trove4j-int-set/1.0.1/trove4j-int-set-1.0.1.jar:/Users/shobhitsharma/.m2/repository/com/slimjars/trove4j/trove4j-int-collection/1.0.1/trove4j-int-collection-1.0.1.jar:/Users/shobhitsharma/.m2/repository/com/slimjars/trove4j/trove4j-int-iterator/1.0.1/trove4j-int-iterator-1.0.1.jar:/Users/shobhitsharma/hw-2024-bigshowbhit-en/subprojects/raw-station-model-xml-desktop/target/openmetromaps-raw-station-model-xml-desktop-1.0-SNAPSHOT.jar:/Users/shobhitsharma/hw-2024-bigshowbhit-en/subprojects/raw-station-model-xml/target/openmetromaps-raw-station-model-xml-1.0-SNAPSHOT.jar:/Users/shobhitsharma/hw-2024-bigshowbhit-en/subprojects/xml-dom-abstraction-desktop/target/openmetromaps-xml-dom-abstraction-desktop-1.0-SNAPSHOT.jar:/Users/shobhitsharma/hw-2024-bigshowbhit-en/subprojects/station-model/target/openmetromaps-station-model-1.0-SNAPSHOT.jar:/Users/shobhitsharma/hw-2024-bigshowbhit-en/subprojects/maps-model/target/openmetromaps-maps-model-1.0-SNAPSHOT.jar:/Users/shobhitsharma/.m2/repository/de/topobyte/viewports-core/0.0.3/viewports-core-0.0.3.jar:/Users/shobhitsharma/.m2/repository/de/topobyte/linear-algebra/0.0.2/linear-algebra-0.0.2.jar:/Users/shobhitsharma/.m2/repository/de/topobyte/jama/1.1.0/jama-1.1.0.jar:/Users/shobhitsharma/.m2/repository/de/topobyte/lightweight-geometry/1.0.0/lightweight-geometry-1.0.0.jar:/Users/shobhitsharma/hw-2024-bigshowbhit-en/subprojects/raw-station-model/target/openmetromaps-raw-station-model-1.0-SNAPSHOT.jar:/Users/shobhitsharma/.m2/repository/de/topobyte/collections-utils/0.0.5/collections-utils-0.0.5.jar:/Users/shobhitsharma/hw-2024-bigshowbhit-en/subprojects/test-data/target/openmetromaps-test-data-1.0-SNAPSHOT.jar:/Users/shobhitsharma/hw-2024-bigshowbhit-en/subprojects/maps-model-xml-desktop/target/openmetromaps-maps-model-xml-desktop-1.0-SNAPSHOT.jar:/Users/shobhitsharma/.m2/repository/de/topobyte/xml4jah-dom/0.0.2/xml4jah-dom-0.0.2.jar:/Users/shobhitsharma/.m2/repository/de/topobyte/xml4jah-core/0.0.2/xml4jah-core-0.0.2.jar:/Users/shobhitsharma/.m2/repository/de/topobyte/system-utils/0.0.1/system-utils-0.0.1.jar:/Users/shobhitsharma/.m2/repository/de/topobyte/melon-strings/0.0.1/melon-strings-0.0.1.jar:/Users/shobhitsharma/.m2/repository/org/apache/commons/commons-text/1.3/commons-text-1.3.jar:/Users/shobhitsharma/.m2/repository/org/apache/commons/commons-lang3/3.7/commons-lang3-3.7.jar:/Users/shobhitsharma/hw-2024-bigshowbhit-en/subprojects/misc-util/target/openmetromaps-misc-util-1.0-SNAPSHOT.jar:/Users/shobhitsharma/.m2/repository/org/slf4j/slf4j-log4j12/1.6.1/slf4j-log4j12-1.6.1.jar:/Users/shobhitsharma/.m2/repository/org/slf4j/slf4j-api/1.6.1/slf4j-api-1.6.1.jar:/Users/shobhitsharma/.m2/repository/log4j/log4j/1.2.16/log4j-1.2.16.jar:"/>
    <property name="sun.cpu.endian" value="little"/>
    <property name="user.home" value="/Users/shobhitsharma"/>
    <property name="user.language" value="en"/>
    <property name="java.specification.vendor" value="Oracle Corporation"/>
    <property name="java.version.date" value="2024-09-17"/>
    <property name="java.home" value="/usr/local/Cellar/openjdk/23/libexec/openjdk.jdk/Contents/Home"/>
    <property name="file.separator" value="/"/>
    <property name="basedir" value="/Users/shobhitsharma/hw-2024-bigshowbhit-en/subprojects/test-station-model"/>
    <property name="java.vm.compressedOopsMode" value="Zero based"/>
    <property name="line.separator" value="&#10;"/>
    <property name="java.specification.name" value="Java Platform API Specification"/>
    <property name="java.vm.specification.vendor" value="Oracle Corporation"/>
    <property name="apple.awt.application.name" value="ForkedBooter"/>
    <property name="surefire.real.class.path" value="/Users/shobhitsharma/hw-2024-bigshowbhit-en/subprojects/test-station-model/target/surefire/surefirebooter-20241012011524650_45.jar"/>
    <property name="sun.management.compiler" value="HotSpot 64-Bit Tiered Compilers"/>
    <property name="java.runtime.version" value="23"/>
    <property name="user.name" value="shobhitsharma"/>
    <property name="stdout.encoding" value="UTF-8"/>
    <property name="path.separator" value=":"/>
    <property name="os.version" value="14.6.1"/>
    <property name="java.runtime.name" value="OpenJDK Runtime Environment"/>
    <property name="file.encoding" value="UTF-8"/>
    <property name="java.vm.name" value="OpenJDK 64-Bit Server VM"/>
    <property name="java.vendor.version" value="Homebrew"/>
    <property name="localRepository" value="/Users/shobhitsharma/.m2/repository"/>
    <property name="java.vendor.url.bug" value="https://github.com/Homebrew/homebrew-core/issues"/>
    <property name="java.io.tmpdir" value="/var/folders/w9/m_935_196698_nhbqc4wn89r0000gn/T/"/>
    <property name="java.version" value="23"/>
    <property name="user.dir" value="/Users/shobhitsharma/hw-2024-bigshowbhit-en/subprojects/test-station-model"/>
    <property name="os.arch" value="x86_64"/>
    <property name="java.vm.specification.name" value="Java Virtual Machine Specification"/>
    <property name="native.encoding" value="UTF-8"/>
    <property name="java.library.path" value="/Users/shobhitsharma/Library/Java/Extensions:/Library/Java/Extensions:/Network/Library/Java/Extensions:/System/Library/Java/Extensions:/usr/lib/java:."/>
    <property name="java.vm.info" value="mixed mode, sharing"/>
    <property name="stderr.encoding" value="UTF-8"/>
    <property name="java.vendor" value="Homebrew"/>
    <property name="java.vm.version" value="23"/>
    <property name="sun.io.unicode.encoding" value="UnicodeBig"/>
    <property name="java.class.version" value="67.0"/>
  </properties>
</testsuite>